2013-02-13T15:42:30+01:00 NOTICE (5): SQL Exception occured:
Message: SQLSTATE[42S02]: Base table or view not found: 1146 Table 'moraso_master.mor_art_links_with_category' doesn't exist
Trace:
#0 /home/christian/www/moraso/library/Zend/Db/Statement.php(303): Zend_Db_Statement_Pdo->_execute(Array)
#1 /home/christian/www/moraso/library/Zend/Db/Adapter/Abstract.php(479): Zend_Db_Statement->execute(Array)
#2 /home/christian/www/moraso/library/Zend/Db/Adapter/Pdo/Abstract.php(238): Zend_Db_Adapter_Abstract->query('select   link.*...', Array)
#3 /home/christian/www/moraso/library/Zend/Db/Adapter/Abstract.php(736): Zend_Db_Adapter_Pdo_Abstract->query('select   link.*...', Array)
#4 /home/christian/www/moraso/library/Aitsu/Db.php(113): Zend_Db_Adapter_Abstract->fetchAll('select   link.*...', Array)
#5 /home/christian/www/moraso/library/Aitsu/Db.php(156): Aitsu_Db->_query('fetchAll', 'select   link.*...', Array, false, false, 29850, false)
#6 /home/christian/www/moraso/application/skins/default/module/List/Links/Categories/Class.php(30): Aitsu_Db::fetchAllC(29850, 'select   link.*...', Array)
#7 /home/christian/www/moraso/library/Aitsu/Module/Abstract.php(164): Skin_Module_List_Links_Categories_Class->_main()
#8 [internal function]: Aitsu_Module_Abstract::init(Array)
#9 /home/christian/www/moraso/library/Aitsu/Shortcode.php(65): call_user_func(Array, Array)
#10 /home/christian/www/moraso/library/Aitsu/Transformation/Shortcode.php(151): Aitsu_Shortcode->evalModule('List.Links.Cate...', '', '1', 'Test', true)
#11 /home/christian/www/moraso/library/Aitsu/Transformation/Shortcode.php(48): Aitsu_Transformation_Shortcode->_rewriteScriptCodes('<!DOCTYPE html>...', Array)
#12 /home/christian/www/moraso/library/Aitsu/Transformation/Shortcode.php(165): Aitsu_Transformation_Shortcode->_rewrite('<!DOCTYPE html>...')
#13 /home/christian/www/moraso/library/Aitsu/Transformation/Shortcode.php(48): Aitsu_Transformation_Shortcode->_rewriteScriptCodes('<script type="a...', Array)
#14 /home/christian/www/moraso/library/Aitsu/Transformation/Shortcode.php(54): Aitsu_Transformation_Shortcode->_rewrite('<script type="a...')
#15 /home/christian/www/moraso/library/Aitsu/Transformation/Shortcode.php(30): Aitsu_Transformation_Shortcode->getContent('<script type="a...')
#16 [internal function]: Aitsu_Transformation_Shortcode::notify(Object(Aitsu_Event))
#17 /home/christian/www/moraso/library/Aitsu/Event/Dispatcher.php(111): call_user_func(Array, Object(Aitsu_Event))
#18 /home/christian/www/moraso/library/Aitsu/Event/Dispatcher.php(74): Aitsu_Event_Dispatcher->_invoke(Object(Aitsu_Event))
#19 /home/christian/www/moraso/library/Aitsu/Event/Abstract.php(19): Aitsu_Event_Dispatcher->raise(Object(Aitsu_Event))
#20 /home/christian/www/moraso/library/Aitsu/Event.php(12): Aitsu_Event_Abstract->__construct('frontend.dispat...', Array)
#21 /home/christian/www/moraso/library/Aitsu/Bootstrap.php(427): Aitsu_Event::raise('frontend.dispat...', Array)
#22 [internal function]: Aitsu_Bootstrap->_ExecuteConfiguredTransformations()
#23 /home/christian/www/moraso/library/Aitsu/Bootstrap.php(513): call_user_func(Array)
#24 /home/christian/www/moraso/index.php(28): Aitsu_Bootstrap::run()
#25 {main}
 Query: select   link.*,    category.displayName as category from    mor_art_links_with_category as link left join    mor_art_links_categories as category on category.idcategory = link.idcategory where    link.idartlang =:idartlang
 Params: Array
(
    [:idartlang] => 533
)
[Thrown @:/library/Aitsu/Event/Listener/SqlException.php:21]
2013-02-13T15:47:04+01:00 NOTICE (5): Undefined index: idcategory[Thrown @:/application/skins/default/module/List/Links/Categories/Class.php:35]
2013-02-13T15:47:04+01:00 NOTICE (5): Undefined index: idcategory[Thrown @:/application/skins/default/module/List/Links/Categories/Class.php:36]
2013-02-13T15:47:04+01:00 NOTICE (5): Undefined index: idcategory[Thrown @:/application/skins/default/module/List/Links/Categories/Class.php:35]
2013-02-13T15:47:04+01:00 NOTICE (5): Undefined index: idcategory[Thrown @:/application/skins/default/module/List/Links/Categories/Class.php:36]
2013-02-13T15:47:04+01:00 NOTICE (5): Undefined index: idcategory[Thrown @:/application/skins/default/module/List/Links/Categories/Class.php:35]
2013-02-13T15:47:04+01:00 NOTICE (5): Undefined index: idcategory[Thrown @:/application/skins/default/module/List/Links/Categories/Class.php:36]
2013-02-13T15:47:04+01:00 NOTICE (5): Undefined index: idcategory[Thrown @:/application/skins/default/module/List/Links/Categories/Class.php:35]
2013-02-13T15:47:04+01:00 NOTICE (5): Undefined index: idcategory[Thrown @:/application/skins/default/module/List/Links/Categories/Class.php:36]
2013-02-13T15:47:04+01:00 NOTICE (5): Undefined index: idcategory[Thrown @:/application/skins/default/module/List/Links/Categories/Class.php:35]
2013-02-13T15:47:04+01:00 NOTICE (5): Undefined index: idcategory[Thrown @:/application/skins/default/module/List/Links/Categories/Class.php:36]
2013-02-13T15:47:04+01:00 NOTICE (5): Undefined index: idcategory[Thrown @:/application/skins/default/module/List/Links/Categories/Class.php:35]
2013-02-13T15:47:04+01:00 NOTICE (5): Undefined index: idcategory[Thrown @:/application/skins/default/module/List/Links/Categories/Class.php:36]
2013-02-13T15:47:49+01:00 NOTICE (5): Undefined index: cateogry[Thrown @:/application/skins/default/module/List/Links/Categories/Class.php:35]
2013-02-13T15:47:49+01:00 NOTICE (5): Undefined index: cateogry[Thrown @:/application/skins/default/module/List/Links/Categories/Class.php:35]
2013-02-13T15:47:49+01:00 NOTICE (5): Undefined index: cateogry[Thrown @:/application/skins/default/module/List/Links/Categories/Class.php:35]
2013-02-13T15:47:49+01:00 NOTICE (5): Undefined index: cateogry[Thrown @:/application/skins/default/module/List/Links/Categories/Class.php:35]
2013-02-13T15:47:49+01:00 NOTICE (5): Undefined index: cateogry[Thrown @:/application/skins/default/module/List/Links/Categories/Class.php:35]
2013-02-13T15:47:49+01:00 NOTICE (5): Undefined index: cateogry[Thrown @:/application/skins/default/module/List/Links/Categories/Class.php:35]
2013-02-13T16:05:58+01:00 WARN (4): Creating default object from empty value[Thrown @:/library/Aitsu/Core/Module.php:115]
2013-02-13T16:06:38+01:00 WARN (4): Creating default object from empty value[Thrown @:/library/Aitsu/Core/Module.php:115]
2013-02-13T16:06:41+01:00 NOTICE (5): SQL Exception occured:
Message: SQLSTATE[42S02]: Base table or view not found: 1146 Table 'moraso_master.ait_revision_art_lang' doesn't exist
Trace:
#0 /home/christian/www/moraso/library/Zend/Db/Statement.php(303): Zend_Db_Statement_Pdo->_execute(Array)
#1 /home/christian/www/moraso/library/Zend/Db/Adapter/Abstract.php(479): Zend_Db_Statement->execute(Array)
#2 /home/christian/www/moraso/library/Zend/Db/Adapter/Pdo/Abstract.php(238): Zend_Db_Adapter_Abstract->query('delete a from a...', Array)
#3 /home/christian/www/moraso/library/Aitsu/Db.php(113): Zend_Db_Adapter_Pdo_Abstract->query('delete a from a...', Array)
#4 /home/christian/www/moraso/library/Aitsu/Db.php(249): Aitsu_Db->_query('query', 'delete a from a...', Array, false, false)
#5 /home/christian/www/moraso/library/Aitsu/Revision/Article.php(80): Aitsu_Db::query('delete a from a...', Array)
#6 [internal function]: Aitsu_Revision_Article::notify(Object(Aitsu_Event))
#7 /home/christian/www/moraso/library/Aitsu/Event/Dispatcher.php(111): call_user_func(Array, Object(Aitsu_Event))
#8 /home/christian/www/moraso/library/Aitsu/Event/Dispatcher.php(74): Aitsu_Event_Dispatcher->_invoke(Object(Aitsu_Event))
#9 /home/christian/www/moraso/library/Aitsu/Event/Abstract.php(19): Aitsu_Event_Dispatcher->raise(Object(Aitsu_Event))
#10 /home/christian/www/moraso/library/Aitsu/Event.php(12): Aitsu_Event_Abstract->__construct('backend.article...', Array)
#11 /home/christian/www/moraso/application/plugins/article/edit/Class.php(124): Aitsu_Event::raise('backend.article...', Array)
#12 /home/christian/www/moraso/library/Zend/Controller/Action.php(516): EditArticleController->saveAction()
#13 /home/christian/www/moraso/library/Zend/Controller/Dispatcher/Standard.php(308): Zend_Controller_Action->dispatch('saveAction')
#14 /home/christian/www/moraso/library/Zend/Controller/Front.php(954): Zend_Controller_Dispatcher_Standard->dispatch(Object(Zend_Controller_Request_Http), Object(Zend_Controller_Response_Http))
#15 /home/christian/www/moraso/library/Zend/Application/Bootstrap/Bootstrap.php(97): Zend_Controller_Front->dispatch()
#16 /home/christian/www/moraso/library/Zend/Application.php(366): Zend_Application_Bootstrap_Bootstrap->run()
#17 /home/christian/www/moraso/adm/index.php(26): Zend_Application->run()
#18 {main}
 Query: delete a from ait_revision_art_lang as a left join ( 	select idartlang, max(revisionid) as revisionid 	from ait_revision_art_lang 	where revisionid != :revisionid 	group by idartlang 	) as b on a.idartlang = b.idartlang left join ait_revision_art_lang as c on b.idartlang = c.idartlang and b.revisionid = c.revisionid where 	a.revisionid = :revisionid 	and c.revisionhash = a.revisionhash
 Params: Array
(
    [:revisionid] => 10
)
[Thrown @:/library/Aitsu/Event/Listener/SqlException.php:21]
2013-02-13T16:06:41+01:00 NOTICE (5): Exception: SQLSTATE[42S02]: Base table or view not found: 1146 Table 'moraso_master.ait_revision_art_lang' doesn't exist[Thrown @:/library/Aitsu/Event/Dispatcher.php:117]
2013-02-13T16:06:41+01:00 NOTICE (5): #0 /home/christian/www/moraso/library/Zend/Db/Statement.php(303): Zend_Db_Statement_Pdo->_execute(Array)
#1 /home/christian/www/moraso/library/Zend/Db/Adapter/Abstract.php(479): Zend_Db_Statement->execute(Array)
#2 /home/christian/www/moraso/library/Zend/Db/Adapter/Pdo/Abstract.php(238): Zend_Db_Adapter_Abstract->query('delete a from a...', Array)
#3 /home/christian/www/moraso/library/Aitsu/Db.php(113): Zend_Db_Adapter_Pdo_Abstract->query('delete a from a...', Array)
#4 /home/christian/www/moraso/library/Aitsu/Db.php(249): Aitsu_Db->_query('query', 'delete a from a...', Array, false, false)
#5 /home/christian/www/moraso/library/Aitsu/Revision/Article.php(80): Aitsu_Db::query('delete a from a...', Array)
#6 [internal function]: Aitsu_Revision_Article::notify(Object(Aitsu_Event))
#7 /home/christian/www/moraso/library/Aitsu/Event/Dispatcher.php(111): call_user_func(Array, Object(Aitsu_Event))
#8 /home/christian/www/moraso/library/Aitsu/Event/Dispatcher.php(74): Aitsu_Event_Dispatcher->_invoke(Object(Aitsu_Event))
#9 /home/christian/www/moraso/library/Aitsu/Event/Abstract.php(19): Aitsu_Event_Dispatcher->raise(Object(Aitsu_Event))
#10 /home/christian/www/moraso/library/Aitsu/Event.php(12): Aitsu_Event_Abstract->__construct('backend.article...', Array)
#11 /home/christian/www/moraso/application/plugins/article/edit/Class.php(124): Aitsu_Event::raise('backend.article...', Array)
#12 /home/christian/www/moraso/library/Zend/Controller/Action.php(516): EditArticleController->saveAction()
#13 /home/christian/www/moraso/library/Zend/Controller/Dispatcher/Standard.php(308): Zend_Controller_Action->dispatch('saveAction')
#14 /home/christian/www/moraso/library/Zend/Controller/Front.php(954): Zend_Controller_Dispatcher_Standard->dispatch(Object(Zend_Controller_Request_Http), Object(Zend_Controller_Response_Http))
#15 /home/christian/www/moraso/library/Zend/Application/Bootstrap/Bootstrap.php(97): Zend_Controller_Front->dispatch()
#16 /home/christian/www/moraso/library/Zend/Application.php(366): Zend_Application_Bootstrap_Bootstrap->run()
#17 /home/christian/www/moraso/adm/index.php(26): Zend_Application->run()
#18 {main}[Thrown @:/library/Aitsu/Event/Dispatcher.php:118]
2013-02-13T16:06:41+01:00 NOTICE (5): WARNING: Notification of pending listeners stopped.[Thrown @:/library/Aitsu/Event/Dispatcher.php:119]
2013-02-13T16:06:41+01:00 NOTICE (5): Affected event: backend.article.edit.save.start[Thrown @:/library/Aitsu/Event/Dispatcher.php:120]
2013-02-13T16:06:45+01:00 WARN (4): DOMDocument::loadHTML(): error parsing attribute name in Entity, line: 7[Thrown @:/library/Zend/Search/Lucene/Document/Html.php:99]
2013-02-13T16:06:55+01:00 WARN (4): Creating default object from empty value[Thrown @:/library/Aitsu/Core/Module.php:115]
2013-02-13T16:07:30+01:00 WARN (4): Creating default object from empty value[Thrown @:/library/Aitsu/Core/Module.php:115]
2013-02-13T16:07:45+01:00 WARN (4): Creating default object from empty value[Thrown @:/library/Aitsu/Core/Module.php:115]
2013-02-13T16:08:52+01:00 WARN (4): Creating default object from empty value[Thrown @:/library/Aitsu/Core/Module.php:115]
2013-02-13T16:09:01+01:00 NOTICE (5): SQL Exception occured:
Message: SQLSTATE[42S02]: Base table or view not found: 1146 Table 'moraso_master.ait_revision_art_lang' doesn't exist
Trace:
#0 /home/christian/www/moraso/library/Zend/Db/Statement.php(303): Zend_Db_Statement_Pdo->_execute(Array)
#1 /home/christian/www/moraso/library/Zend/Db/Adapter/Abstract.php(479): Zend_Db_Statement->execute(Array)
#2 /home/christian/www/moraso/library/Zend/Db/Adapter/Pdo/Abstract.php(238): Zend_Db_Adapter_Abstract->query('delete a from a...', Array)
#3 /home/christian/www/moraso/library/Aitsu/Db.php(113): Zend_Db_Adapter_Pdo_Abstract->query('delete a from a...', Array)
#4 /home/christian/www/moraso/library/Aitsu/Db.php(249): Aitsu_Db->_query('query', 'delete a from a...', Array, false, false)
#5 /home/christian/www/moraso/library/Aitsu/Revision/Article.php(80): Aitsu_Db::query('delete a from a...', Array)
#6 [internal function]: Aitsu_Revision_Article::notify(Object(Aitsu_Event))
#7 /home/christian/www/moraso/library/Aitsu/Event/Dispatcher.php(111): call_user_func(Array, Object(Aitsu_Event))
#8 /home/christian/www/moraso/library/Aitsu/Event/Dispatcher.php(74): Aitsu_Event_Dispatcher->_invoke(Object(Aitsu_Event))
#9 /home/christian/www/moraso/library/Aitsu/Event/Abstract.php(19): Aitsu_Event_Dispatcher->raise(Object(Aitsu_Event))
#10 /home/christian/www/moraso/library/Aitsu/Event.php(12): Aitsu_Event_Abstract->__construct('backend.article...', Array)
#11 /home/christian/www/moraso/application/plugins/article/edit/Class.php(124): Aitsu_Event::raise('backend.article...', Array)
#12 /home/christian/www/moraso/library/Zend/Controller/Action.php(516): EditArticleController->saveAction()
#13 /home/christian/www/moraso/library/Zend/Controller/Dispatcher/Standard.php(308): Zend_Controller_Action->dispatch('saveAction')
#14 /home/christian/www/moraso/library/Zend/Controller/Front.php(954): Zend_Controller_Dispatcher_Standard->dispatch(Object(Zend_Controller_Request_Http), Object(Zend_Controller_Response_Http))
#15 /home/christian/www/moraso/library/Zend/Application/Bootstrap/Bootstrap.php(97): Zend_Controller_Front->dispatch()
#16 /home/christian/www/moraso/library/Zend/Application.php(366): Zend_Application_Bootstrap_Bootstrap->run()
#17 /home/christian/www/moraso/adm/index.php(26): Zend_Application->run()
#18 {main}
 Query: delete a from ait_revision_art_lang as a left join ( 	select idartlang, max(revisionid) as revisionid 	from ait_revision_art_lang 	where revisionid != :revisionid 	group by idartlang 	) as b on a.idartlang = b.idartlang left join ait_revision_art_lang as c on b.idartlang = c.idartlang and b.revisionid = c.revisionid where 	a.revisionid = :revisionid 	and c.revisionhash = a.revisionhash
 Params: Array
(
    [:revisionid] => 11
)
[Thrown @:/library/Aitsu/Event/Listener/SqlException.php:21]
2013-02-13T16:09:01+01:00 NOTICE (5): Exception: SQLSTATE[42S02]: Base table or view not found: 1146 Table 'moraso_master.ait_revision_art_lang' doesn't exist[Thrown @:/library/Aitsu/Event/Dispatcher.php:117]
2013-02-13T16:09:01+01:00 NOTICE (5): #0 /home/christian/www/moraso/library/Zend/Db/Statement.php(303): Zend_Db_Statement_Pdo->_execute(Array)
#1 /home/christian/www/moraso/library/Zend/Db/Adapter/Abstract.php(479): Zend_Db_Statement->execute(Array)
#2 /home/christian/www/moraso/library/Zend/Db/Adapter/Pdo/Abstract.php(238): Zend_Db_Adapter_Abstract->query('delete a from a...', Array)
#3 /home/christian/www/moraso/library/Aitsu/Db.php(113): Zend_Db_Adapter_Pdo_Abstract->query('delete a from a...', Array)
#4 /home/christian/www/moraso/library/Aitsu/Db.php(249): Aitsu_Db->_query('query', 'delete a from a...', Array, false, false)
#5 /home/christian/www/moraso/library/Aitsu/Revision/Article.php(80): Aitsu_Db::query('delete a from a...', Array)
#6 [internal function]: Aitsu_Revision_Article::notify(Object(Aitsu_Event))
#7 /home/christian/www/moraso/library/Aitsu/Event/Dispatcher.php(111): call_user_func(Array, Object(Aitsu_Event))
#8 /home/christian/www/moraso/library/Aitsu/Event/Dispatcher.php(74): Aitsu_Event_Dispatcher->_invoke(Object(Aitsu_Event))
#9 /home/christian/www/moraso/library/Aitsu/Event/Abstract.php(19): Aitsu_Event_Dispatcher->raise(Object(Aitsu_Event))
#10 /home/christian/www/moraso/library/Aitsu/Event.php(12): Aitsu_Event_Abstract->__construct('backend.article...', Array)
#11 /home/christian/www/moraso/application/plugins/article/edit/Class.php(124): Aitsu_Event::raise('backend.article...', Array)
#12 /home/christian/www/moraso/library/Zend/Controller/Action.php(516): EditArticleController->saveAction()
#13 /home/christian/www/moraso/library/Zend/Controller/Dispatcher/Standard.php(308): Zend_Controller_Action->dispatch('saveAction')
#14 /home/christian/www/moraso/library/Zend/Controller/Front.php(954): Zend_Controller_Dispatcher_Standard->dispatch(Object(Zend_Controller_Request_Http), Object(Zend_Controller_Response_Http))
#15 /home/christian/www/moraso/library/Zend/Application/Bootstrap/Bootstrap.php(97): Zend_Controller_Front->dispatch()
#16 /home/christian/www/moraso/library/Zend/Application.php(366): Zend_Application_Bootstrap_Bootstrap->run()
#17 /home/christian/www/moraso/adm/index.php(26): Zend_Application->run()
#18 {main}[Thrown @:/library/Aitsu/Event/Dispatcher.php:118]
2013-02-13T16:09:01+01:00 NOTICE (5): WARNING: Notification of pending listeners stopped.[Thrown @:/library/Aitsu/Event/Dispatcher.php:119]
2013-02-13T16:09:01+01:00 NOTICE (5): Affected event: backend.article.edit.save.start[Thrown @:/library/Aitsu/Event/Dispatcher.php:120]
2013-02-13T16:09:04+01:00 WARN (4): Creating default object from empty value[Thrown @:/library/Aitsu/Core/Module.php:115]
2013-02-13T16:09:31+01:00 WARN (4): Creating default object from empty value[Thrown @:/library/Aitsu/Core/Module.php:115]
2013-02-13T16:09:41+01:00 NOTICE (5): SQL Exception occured:
Message: SQLSTATE[42S02]: Base table or view not found: 1146 Table 'moraso_master.ait_revision_art_lang' doesn't exist
Trace:
#0 /home/christian/www/moraso/library/Zend/Db/Statement.php(303): Zend_Db_Statement_Pdo->_execute(Array)
#1 /home/christian/www/moraso/library/Zend/Db/Adapter/Abstract.php(479): Zend_Db_Statement->execute(Array)
#2 /home/christian/www/moraso/library/Zend/Db/Adapter/Pdo/Abstract.php(238): Zend_Db_Adapter_Abstract->query('delete a from a...', Array)
#3 /home/christian/www/moraso/library/Aitsu/Db.php(113): Zend_Db_Adapter_Pdo_Abstract->query('delete a from a...', Array)
#4 /home/christian/www/moraso/library/Aitsu/Db.php(249): Aitsu_Db->_query('query', 'delete a from a...', Array, false, false)
#5 /home/christian/www/moraso/library/Aitsu/Revision/Article.php(80): Aitsu_Db::query('delete a from a...', Array)
#6 [internal function]: Aitsu_Revision_Article::notify(Object(Aitsu_Event))
#7 /home/christian/www/moraso/library/Aitsu/Event/Dispatcher.php(111): call_user_func(Array, Object(Aitsu_Event))
#8 /home/christian/www/moraso/library/Aitsu/Event/Dispatcher.php(74): Aitsu_Event_Dispatcher->_invoke(Object(Aitsu_Event))
#9 /home/christian/www/moraso/library/Aitsu/Event/Abstract.php(19): Aitsu_Event_Dispatcher->raise(Object(Aitsu_Event))
#10 /home/christian/www/moraso/library/Aitsu/Event.php(12): Aitsu_Event_Abstract->__construct('backend.article...', Array)
#11 /home/christian/www/moraso/application/plugins/article/edit/Class.php(124): Aitsu_Event::raise('backend.article...', Array)
#12 /home/christian/www/moraso/library/Zend/Controller/Action.php(516): EditArticleController->saveAction()
#13 /home/christian/www/moraso/library/Zend/Controller/Dispatcher/Standard.php(308): Zend_Controller_Action->dispatch('saveAction')
#14 /home/christian/www/moraso/library/Zend/Controller/Front.php(954): Zend_Controller_Dispatcher_Standard->dispatch(Object(Zend_Controller_Request_Http), Object(Zend_Controller_Response_Http))
#15 /home/christian/www/moraso/library/Zend/Application/Bootstrap/Bootstrap.php(97): Zend_Controller_Front->dispatch()
#16 /home/christian/www/moraso/library/Zend/Application.php(366): Zend_Application_Bootstrap_Bootstrap->run()
#17 /home/christian/www/moraso/adm/index.php(26): Zend_Application->run()
#18 {main}
 Query: delete a from ait_revision_art_lang as a left join ( 	select idartlang, max(revisionid) as revisionid 	from ait_revision_art_lang 	where revisionid != :revisionid 	group by idartlang 	) as b on a.idartlang = b.idartlang left join ait_revision_art_lang as c on b.idartlang = c.idartlang and b.revisionid = c.revisionid where 	a.revisionid = :revisionid 	and c.revisionhash = a.revisionhash
 Params: Array
(
    [:revisionid] => 12
)
[Thrown @:/library/Aitsu/Event/Listener/SqlException.php:21]
2013-02-13T16:09:41+01:00 NOTICE (5): Exception: SQLSTATE[42S02]: Base table or view not found: 1146 Table 'moraso_master.ait_revision_art_lang' doesn't exist[Thrown @:/library/Aitsu/Event/Dispatcher.php:117]
2013-02-13T16:09:41+01:00 NOTICE (5): #0 /home/christian/www/moraso/library/Zend/Db/Statement.php(303): Zend_Db_Statement_Pdo->_execute(Array)
#1 /home/christian/www/moraso/library/Zend/Db/Adapter/Abstract.php(479): Zend_Db_Statement->execute(Array)
#2 /home/christian/www/moraso/library/Zend/Db/Adapter/Pdo/Abstract.php(238): Zend_Db_Adapter_Abstract->query('delete a from a...', Array)
#3 /home/christian/www/moraso/library/Aitsu/Db.php(113): Zend_Db_Adapter_Pdo_Abstract->query('delete a from a...', Array)
#4 /home/christian/www/moraso/library/Aitsu/Db.php(249): Aitsu_Db->_query('query', 'delete a from a...', Array, false, false)
#5 /home/christian/www/moraso/library/Aitsu/Revision/Article.php(80): Aitsu_Db::query('delete a from a...', Array)
#6 [internal function]: Aitsu_Revision_Article::notify(Object(Aitsu_Event))
#7 /home/christian/www/moraso/library/Aitsu/Event/Dispatcher.php(111): call_user_func(Array, Object(Aitsu_Event))
#8 /home/christian/www/moraso/library/Aitsu/Event/Dispatcher.php(74): Aitsu_Event_Dispatcher->_invoke(Object(Aitsu_Event))
#9 /home/christian/www/moraso/library/Aitsu/Event/Abstract.php(19): Aitsu_Event_Dispatcher->raise(Object(Aitsu_Event))
#10 /home/christian/www/moraso/library/Aitsu/Event.php(12): Aitsu_Event_Abstract->__construct('backend.article...', Array)
#11 /home/christian/www/moraso/application/plugins/article/edit/Class.php(124): Aitsu_Event::raise('backend.article...', Array)
#12 /home/christian/www/moraso/library/Zend/Controller/Action.php(516): EditArticleController->saveAction()
#13 /home/christian/www/moraso/library/Zend/Controller/Dispatcher/Standard.php(308): Zend_Controller_Action->dispatch('saveAction')
#14 /home/christian/www/moraso/library/Zend/Controller/Front.php(954): Zend_Controller_Dispatcher_Standard->dispatch(Object(Zend_Controller_Request_Http), Object(Zend_Controller_Response_Http))
#15 /home/christian/www/moraso/library/Zend/Application/Bootstrap/Bootstrap.php(97): Zend_Controller_Front->dispatch()
#16 /home/christian/www/moraso/library/Zend/Application.php(366): Zend_Application_Bootstrap_Bootstrap->run()
#17 /home/christian/www/moraso/adm/index.php(26): Zend_Application->run()
#18 {main}[Thrown @:/library/Aitsu/Event/Dispatcher.php:118]
2013-02-13T16:09:41+01:00 NOTICE (5): WARNING: Notification of pending listeners stopped.[Thrown @:/library/Aitsu/Event/Dispatcher.php:119]
2013-02-13T16:09:41+01:00 NOTICE (5): Affected event: backend.article.edit.save.start[Thrown @:/library/Aitsu/Event/Dispatcher.php:120]
2013-02-13T16:09:48+01:00 WARN (4): DOMDocument::loadHTML(): error parsing attribute name in Entity, line: 7[Thrown @:/library/Zend/Search/Lucene/Document/Html.php:99]
2013-02-13T16:13:01+01:00 WARN (4): Creating default object from empty value[Thrown @:/library/Aitsu/Core/Module.php:115]
2013-02-13T16:16:35+01:00 WARN (4): Creating default object from empty value[Thrown @:/library/Aitsu/Core/Module.php:115]
2013-02-13T16:16:49+01:00 NOTICE (5): SQL Exception occured:
Message: SQLSTATE[42S02]: Base table or view not found: 1146 Table 'moraso_master.ait_revision_art_lang' doesn't exist
Trace:
#0 /home/christian/www/moraso/library/Zend/Db/Statement.php(303): Zend_Db_Statement_Pdo->_execute(Array)
#1 /home/christian/www/moraso/library/Zend/Db/Adapter/Abstract.php(479): Zend_Db_Statement->execute(Array)
#2 /home/christian/www/moraso/library/Zend/Db/Adapter/Pdo/Abstract.php(238): Zend_Db_Adapter_Abstract->query('delete a from a...', Array)
#3 /home/christian/www/moraso/library/Aitsu/Db.php(113): Zend_Db_Adapter_Pdo_Abstract->query('delete a from a...', Array)
#4 /home/christian/www/moraso/library/Aitsu/Db.php(249): Aitsu_Db->_query('query', 'delete a from a...', Array, false, false)
#5 /home/christian/www/moraso/library/Aitsu/Revision/Article.php(80): Aitsu_Db::query('delete a from a...', Array)
#6 [internal function]: Aitsu_Revision_Article::notify(Object(Aitsu_Event))
#7 /home/christian/www/moraso/library/Aitsu/Event/Dispatcher.php(111): call_user_func(Array, Object(Aitsu_Event))
#8 /home/christian/www/moraso/library/Aitsu/Event/Dispatcher.php(74): Aitsu_Event_Dispatcher->_invoke(Object(Aitsu_Event))
#9 /home/christian/www/moraso/library/Aitsu/Event/Abstract.php(19): Aitsu_Event_Dispatcher->raise(Object(Aitsu_Event))
#10 /home/christian/www/moraso/library/Aitsu/Event.php(12): Aitsu_Event_Abstract->__construct('backend.article...', Array)
#11 /home/christian/www/moraso/application/plugins/article/edit/Class.php(124): Aitsu_Event::raise('backend.article...', Array)
#12 /home/christian/www/moraso/library/Zend/Controller/Action.php(516): EditArticleController->saveAction()
#13 /home/christian/www/moraso/library/Zend/Controller/Dispatcher/Standard.php(308): Zend_Controller_Action->dispatch('saveAction')
#14 /home/christian/www/moraso/library/Zend/Controller/Front.php(954): Zend_Controller_Dispatcher_Standard->dispatch(Object(Zend_Controller_Request_Http), Object(Zend_Controller_Response_Http))
#15 /home/christian/www/moraso/library/Zend/Application/Bootstrap/Bootstrap.php(97): Zend_Controller_Front->dispatch()
#16 /home/christian/www/moraso/library/Zend/Application.php(366): Zend_Application_Bootstrap_Bootstrap->run()
#17 /home/christian/www/moraso/adm/index.php(26): Zend_Application->run()
#18 {main}
 Query: delete a from ait_revision_art_lang as a left join ( 	select idartlang, max(revisionid) as revisionid 	from ait_revision_art_lang 	where revisionid != :revisionid 	group by idartlang 	) as b on a.idartlang = b.idartlang left join ait_revision_art_lang as c on b.idartlang = c.idartlang and b.revisionid = c.revisionid where 	a.revisionid = :revisionid 	and c.revisionhash = a.revisionhash
 Params: Array
(
    [:revisionid] => 13
)
[Thrown @:/library/Aitsu/Event/Listener/SqlException.php:21]
2013-02-13T16:16:49+01:00 NOTICE (5): Exception: SQLSTATE[42S02]: Base table or view not found: 1146 Table 'moraso_master.ait_revision_art_lang' doesn't exist[Thrown @:/library/Aitsu/Event/Dispatcher.php:117]
2013-02-13T16:16:49+01:00 NOTICE (5): #0 /home/christian/www/moraso/library/Zend/Db/Statement.php(303): Zend_Db_Statement_Pdo->_execute(Array)
#1 /home/christian/www/moraso/library/Zend/Db/Adapter/Abstract.php(479): Zend_Db_Statement->execute(Array)
#2 /home/christian/www/moraso/library/Zend/Db/Adapter/Pdo/Abstract.php(238): Zend_Db_Adapter_Abstract->query('delete a from a...', Array)
#3 /home/christian/www/moraso/library/Aitsu/Db.php(113): Zend_Db_Adapter_Pdo_Abstract->query('delete a from a...', Array)
#4 /home/christian/www/moraso/library/Aitsu/Db.php(249): Aitsu_Db->_query('query', 'delete a from a...', Array, false, false)
#5 /home/christian/www/moraso/library/Aitsu/Revision/Article.php(80): Aitsu_Db::query('delete a from a...', Array)
#6 [internal function]: Aitsu_Revision_Article::notify(Object(Aitsu_Event))
#7 /home/christian/www/moraso/library/Aitsu/Event/Dispatcher.php(111): call_user_func(Array, Object(Aitsu_Event))
#8 /home/christian/www/moraso/library/Aitsu/Event/Dispatcher.php(74): Aitsu_Event_Dispatcher->_invoke(Object(Aitsu_Event))
#9 /home/christian/www/moraso/library/Aitsu/Event/Abstract.php(19): Aitsu_Event_Dispatcher->raise(Object(Aitsu_Event))
#10 /home/christian/www/moraso/library/Aitsu/Event.php(12): Aitsu_Event_Abstract->__construct('backend.article...', Array)
#11 /home/christian/www/moraso/application/plugins/article/edit/Class.php(124): Aitsu_Event::raise('backend.article...', Array)
#12 /home/christian/www/moraso/library/Zend/Controller/Action.php(516): EditArticleController->saveAction()
#13 /home/christian/www/moraso/library/Zend/Controller/Dispatcher/Standard.php(308): Zend_Controller_Action->dispatch('saveAction')
#14 /home/christian/www/moraso/library/Zend/Controller/Front.php(954): Zend_Controller_Dispatcher_Standard->dispatch(Object(Zend_Controller_Request_Http), Object(Zend_Controller_Response_Http))
#15 /home/christian/www/moraso/library/Zend/Application/Bootstrap/Bootstrap.php(97): Zend_Controller_Front->dispatch()
#16 /home/christian/www/moraso/library/Zend/Application.php(366): Zend_Application_Bootstrap_Bootstrap->run()
#17 /home/christian/www/moraso/adm/index.php(26): Zend_Application->run()
#18 {main}[Thrown @:/library/Aitsu/Event/Dispatcher.php:118]
2013-02-13T16:16:49+01:00 NOTICE (5): WARNING: Notification of pending listeners stopped.[Thrown @:/library/Aitsu/Event/Dispatcher.php:119]
2013-02-13T16:16:49+01:00 NOTICE (5): Affected event: backend.article.edit.save.start[Thrown @:/library/Aitsu/Event/Dispatcher.php:120]
2013-02-13T16:16:51+01:00 WARN (4): DOMDocument::loadHTML(): error parsing attribute name in Entity, line: 7[Thrown @:/library/Zend/Search/Lucene/Document/Html.php:99]
2013-02-13T16:16:51+01:00 WARN (4): DOMDocument::loadHTML(): error parsing attribute name in Entity, line: 18[Thrown @:/library/Zend/Search/Lucene/Document/Html.php:99]
2013-02-13T16:16:58+01:00 WARN (4): Creating default object from empty value[Thrown @:/library/Aitsu/Core/Module.php:115]
2013-02-13T16:17:25+01:00 WARN (4): Creating default object from empty value[Thrown @:/library/Aitsu/Core/Module.php:115]
2013-02-13T16:17:43+01:00 WARN (4): Creating default object from empty value[Thrown @:/library/Aitsu/Core/Module.php:115]
2013-02-13T16:18:12+01:00 WARN (4): Creating default object from empty value[Thrown @:/library/Aitsu/Core/Module.php:115]
2013-02-13T16:18:17+01:00 NOTICE (5): SQL Exception occured:
Message: SQLSTATE[42S02]: Base table or view not found: 1146 Table 'moraso_master.ait_revision_art_lang' doesn't exist
Trace:
#0 /home/christian/www/moraso/library/Zend/Db/Statement.php(303): Zend_Db_Statement_Pdo->_execute(Array)
#1 /home/christian/www/moraso/library/Zend/Db/Adapter/Abstract.php(479): Zend_Db_Statement->execute(Array)
#2 /home/christian/www/moraso/library/Zend/Db/Adapter/Pdo/Abstract.php(238): Zend_Db_Adapter_Abstract->query('delete a from a...', Array)
#3 /home/christian/www/moraso/library/Aitsu/Db.php(113): Zend_Db_Adapter_Pdo_Abstract->query('delete a from a...', Array)
#4 /home/christian/www/moraso/library/Aitsu/Db.php(249): Aitsu_Db->_query('query', 'delete a from a...', Array, false, false)
#5 /home/christian/www/moraso/library/Aitsu/Revision/Article.php(80): Aitsu_Db::query('delete a from a...', Array)
#6 [internal function]: Aitsu_Revision_Article::notify(Object(Aitsu_Event))
#7 /home/christian/www/moraso/library/Aitsu/Event/Dispatcher.php(111): call_user_func(Array, Object(Aitsu_Event))
#8 /home/christian/www/moraso/library/Aitsu/Event/Dispatcher.php(74): Aitsu_Event_Dispatcher->_invoke(Object(Aitsu_Event))
#9 /home/christian/www/moraso/library/Aitsu/Event/Abstract.php(19): Aitsu_Event_Dispatcher->raise(Object(Aitsu_Event))
#10 /home/christian/www/moraso/library/Aitsu/Event.php(12): Aitsu_Event_Abstract->__construct('backend.article...', Array)
#11 /home/christian/www/moraso/application/plugins/article/edit/Class.php(124): Aitsu_Event::raise('backend.article...', Array)
#12 /home/christian/www/moraso/library/Zend/Controller/Action.php(516): EditArticleController->saveAction()
#13 /home/christian/www/moraso/library/Zend/Controller/Dispatcher/Standard.php(308): Zend_Controller_Action->dispatch('saveAction')
#14 /home/christian/www/moraso/library/Zend/Controller/Front.php(954): Zend_Controller_Dispatcher_Standard->dispatch(Object(Zend_Controller_Request_Http), Object(Zend_Controller_Response_Http))
#15 /home/christian/www/moraso/library/Zend/Application/Bootstrap/Bootstrap.php(97): Zend_Controller_Front->dispatch()
#16 /home/christian/www/moraso/library/Zend/Application.php(366): Zend_Application_Bootstrap_Bootstrap->run()
#17 /home/christian/www/moraso/adm/index.php(26): Zend_Application->run()
#18 {main}
 Query: delete a from ait_revision_art_lang as a left join ( 	select idartlang, max(revisionid) as revisionid 	from ait_revision_art_lang 	where revisionid != :revisionid 	group by idartlang 	) as b on a.idartlang = b.idartlang left join ait_revision_art_lang as c on b.idartlang = c.idartlang and b.revisionid = c.revisionid where 	a.revisionid = :revisionid 	and c.revisionhash = a.revisionhash
 Params: Array
(
    [:revisionid] => 14
)
[Thrown @:/library/Aitsu/Event/Listener/SqlException.php:21]
2013-02-13T16:18:17+01:00 NOTICE (5): Exception: SQLSTATE[42S02]: Base table or view not found: 1146 Table 'moraso_master.ait_revision_art_lang' doesn't exist[Thrown @:/library/Aitsu/Event/Dispatcher.php:117]
2013-02-13T16:18:17+01:00 NOTICE (5): #0 /home/christian/www/moraso/library/Zend/Db/Statement.php(303): Zend_Db_Statement_Pdo->_execute(Array)
#1 /home/christian/www/moraso/library/Zend/Db/Adapter/Abstract.php(479): Zend_Db_Statement->execute(Array)
#2 /home/christian/www/moraso/library/Zend/Db/Adapter/Pdo/Abstract.php(238): Zend_Db_Adapter_Abstract->query('delete a from a...', Array)
#3 /home/christian/www/moraso/library/Aitsu/Db.php(113): Zend_Db_Adapter_Pdo_Abstract->query('delete a from a...', Array)
#4 /home/christian/www/moraso/library/Aitsu/Db.php(249): Aitsu_Db->_query('query', 'delete a from a...', Array, false, false)
#5 /home/christian/www/moraso/library/Aitsu/Revision/Article.php(80): Aitsu_Db::query('delete a from a...', Array)
#6 [internal function]: Aitsu_Revision_Article::notify(Object(Aitsu_Event))
#7 /home/christian/www/moraso/library/Aitsu/Event/Dispatcher.php(111): call_user_func(Array, Object(Aitsu_Event))
#8 /home/christian/www/moraso/library/Aitsu/Event/Dispatcher.php(74): Aitsu_Event_Dispatcher->_invoke(Object(Aitsu_Event))
#9 /home/christian/www/moraso/library/Aitsu/Event/Abstract.php(19): Aitsu_Event_Dispatcher->raise(Object(Aitsu_Event))
#10 /home/christian/www/moraso/library/Aitsu/Event.php(12): Aitsu_Event_Abstract->__construct('backend.article...', Array)
#11 /home/christian/www/moraso/application/plugins/article/edit/Class.php(124): Aitsu_Event::raise('backend.article...', Array)
#12 /home/christian/www/moraso/library/Zend/Controller/Action.php(516): EditArticleController->saveAction()
#13 /home/christian/www/moraso/library/Zend/Controller/Dispatcher/Standard.php(308): Zend_Controller_Action->dispatch('saveAction')
#14 /home/christian/www/moraso/library/Zend/Controller/Front.php(954): Zend_Controller_Dispatcher_Standard->dispatch(Object(Zend_Controller_Request_Http), Object(Zend_Controller_Response_Http))
#15 /home/christian/www/moraso/library/Zend/Application/Bootstrap/Bootstrap.php(97): Zend_Controller_Front->dispatch()
#16 /home/christian/www/moraso/library/Zend/Application.php(366): Zend_Application_Bootstrap_Bootstrap->run()
#17 /home/christian/www/moraso/adm/index.php(26): Zend_Application->run()
#18 {main}[Thrown @:/library/Aitsu/Event/Dispatcher.php:118]
2013-02-13T16:18:17+01:00 NOTICE (5): WARNING: Notification of pending listeners stopped.[Thrown @:/library/Aitsu/Event/Dispatcher.php:119]
2013-02-13T16:18:17+01:00 NOTICE (5): Affected event: backend.article.edit.save.start[Thrown @:/library/Aitsu/Event/Dispatcher.php:120]
2013-02-13T16:18:20+01:00 WARN (4): Creating default object from empty value[Thrown @:/library/Aitsu/Core/Module.php:115]
2013-02-13T16:18:45+01:00 WARN (4): Creating default object from empty value[Thrown @:/library/Aitsu/Core/Module.php:115]
2013-02-13T16:20:15+01:00 WARN (4): Creating default object from empty value[Thrown @:/library/Aitsu/Core/Module.php:115]
2013-02-13T16:20:18+01:00 NOTICE (5): SQL Exception occured:
Message: SQLSTATE[42S02]: Base table or view not found: 1146 Table 'moraso_master.ait_revision_art_lang' doesn't exist
Trace:
#0 /home/christian/www/moraso/library/Zend/Db/Statement.php(303): Zend_Db_Statement_Pdo->_execute(Array)
#1 /home/christian/www/moraso/library/Zend/Db/Adapter/Abstract.php(479): Zend_Db_Statement->execute(Array)
#2 /home/christian/www/moraso/library/Zend/Db/Adapter/Pdo/Abstract.php(238): Zend_Db_Adapter_Abstract->query('delete a from a...', Array)
#3 /home/christian/www/moraso/library/Aitsu/Db.php(113): Zend_Db_Adapter_Pdo_Abstract->query('delete a from a...', Array)
#4 /home/christian/www/moraso/library/Aitsu/Db.php(249): Aitsu_Db->_query('query', 'delete a from a...', Array, false, false)
#5 /home/christian/www/moraso/library/Aitsu/Revision/Article.php(80): Aitsu_Db::query('delete a from a...', Array)
#6 [internal function]: Aitsu_Revision_Article::notify(Object(Aitsu_Event))
#7 /home/christian/www/moraso/library/Aitsu/Event/Dispatcher.php(111): call_user_func(Array, Object(Aitsu_Event))
#8 /home/christian/www/moraso/library/Aitsu/Event/Dispatcher.php(74): Aitsu_Event_Dispatcher->_invoke(Object(Aitsu_Event))
#9 /home/christian/www/moraso/library/Aitsu/Event/Abstract.php(19): Aitsu_Event_Dispatcher->raise(Object(Aitsu_Event))
#10 /home/christian/www/moraso/library/Aitsu/Event.php(12): Aitsu_Event_Abstract->__construct('backend.article...', Array)
#11 /home/christian/www/moraso/application/plugins/article/edit/Class.php(124): Aitsu_Event::raise('backend.article...', Array)
#12 /home/christian/www/moraso/library/Zend/Controller/Action.php(516): EditArticleController->saveAction()
#13 /home/christian/www/moraso/library/Zend/Controller/Dispatcher/Standard.php(308): Zend_Controller_Action->dispatch('saveAction')
#14 /home/christian/www/moraso/library/Zend/Controller/Front.php(954): Zend_Controller_Dispatcher_Standard->dispatch(Object(Zend_Controller_Request_Http), Object(Zend_Controller_Response_Http))
#15 /home/christian/www/moraso/library/Zend/Application/Bootstrap/Bootstrap.php(97): Zend_Controller_Front->dispatch()
#16 /home/christian/www/moraso/library/Zend/Application.php(366): Zend_Application_Bootstrap_Bootstrap->run()
#17 /home/christian/www/moraso/adm/index.php(26): Zend_Application->run()
#18 {main}
 Query: delete a from ait_revision_art_lang as a left join ( 	select idartlang, max(revisionid) as revisionid 	from ait_revision_art_lang 	where revisionid != :revisionid 	group by idartlang 	) as b on a.idartlang = b.idartlang left join ait_revision_art_lang as c on b.idartlang = c.idartlang and b.revisionid = c.revisionid where 	a.revisionid = :revisionid 	and c.revisionhash = a.revisionhash
 Params: Array
(
    [:revisionid] => 15
)
[Thrown @:/library/Aitsu/Event/Listener/SqlException.php:21]
2013-02-13T16:20:18+01:00 NOTICE (5): Exception: SQLSTATE[42S02]: Base table or view not found: 1146 Table 'moraso_master.ait_revision_art_lang' doesn't exist[Thrown @:/library/Aitsu/Event/Dispatcher.php:117]
2013-02-13T16:20:18+01:00 NOTICE (5): #0 /home/christian/www/moraso/library/Zend/Db/Statement.php(303): Zend_Db_Statement_Pdo->_execute(Array)
#1 /home/christian/www/moraso/library/Zend/Db/Adapter/Abstract.php(479): Zend_Db_Statement->execute(Array)
#2 /home/christian/www/moraso/library/Zend/Db/Adapter/Pdo/Abstract.php(238): Zend_Db_Adapter_Abstract->query('delete a from a...', Array)
#3 /home/christian/www/moraso/library/Aitsu/Db.php(113): Zend_Db_Adapter_Pdo_Abstract->query('delete a from a...', Array)
#4 /home/christian/www/moraso/library/Aitsu/Db.php(249): Aitsu_Db->_query('query', 'delete a from a...', Array, false, false)
#5 /home/christian/www/moraso/library/Aitsu/Revision/Article.php(80): Aitsu_Db::query('delete a from a...', Array)
#6 [internal function]: Aitsu_Revision_Article::notify(Object(Aitsu_Event))
#7 /home/christian/www/moraso/library/Aitsu/Event/Dispatcher.php(111): call_user_func(Array, Object(Aitsu_Event))
#8 /home/christian/www/moraso/library/Aitsu/Event/Dispatcher.php(74): Aitsu_Event_Dispatcher->_invoke(Object(Aitsu_Event))
#9 /home/christian/www/moraso/library/Aitsu/Event/Abstract.php(19): Aitsu_Event_Dispatcher->raise(Object(Aitsu_Event))
#10 /home/christian/www/moraso/library/Aitsu/Event.php(12): Aitsu_Event_Abstract->__construct('backend.article...', Array)
#11 /home/christian/www/moraso/application/plugins/article/edit/Class.php(124): Aitsu_Event::raise('backend.article...', Array)
#12 /home/christian/www/moraso/library/Zend/Controller/Action.php(516): EditArticleController->saveAction()
#13 /home/christian/www/moraso/library/Zend/Controller/Dispatcher/Standard.php(308): Zend_Controller_Action->dispatch('saveAction')
#14 /home/christian/www/moraso/library/Zend/Controller/Front.php(954): Zend_Controller_Dispatcher_Standard->dispatch(Object(Zend_Controller_Request_Http), Object(Zend_Controller_Response_Http))
#15 /home/christian/www/moraso/library/Zend/Application/Bootstrap/Bootstrap.php(97): Zend_Controller_Front->dispatch()
#16 /home/christian/www/moraso/library/Zend/Application.php(366): Zend_Application_Bootstrap_Bootstrap->run()
#17 /home/christian/www/moraso/adm/index.php(26): Zend_Application->run()
#18 {main}[Thrown @:/library/Aitsu/Event/Dispatcher.php:118]
2013-02-13T16:20:18+01:00 NOTICE (5): WARNING: Notification of pending listeners stopped.[Thrown @:/library/Aitsu/Event/Dispatcher.php:119]
2013-02-13T16:20:18+01:00 NOTICE (5): Affected event: backend.article.edit.save.start[Thrown @:/library/Aitsu/Event/Dispatcher.php:120]
2013-02-13T16:20:20+01:00 WARN (4): Creating default object from empty value[Thrown @:/library/Aitsu/Core/Module.php:115]
2013-02-13T16:24:32+01:00 WARN (4): Creating default object from empty value[Thrown @:/library/Aitsu/Core/Module.php:115]
2013-02-13T16:24:59+01:00 WARN (4): Creating default object from empty value[Thrown @:/library/Aitsu/Core/Module.php:115]
2013-02-13T16:25:02+01:00 NOTICE (5): SQL Exception occured:
Message: SQLSTATE[42S02]: Base table or view not found: 1146 Table 'moraso_master.ait_revision_art_lang' doesn't exist
Trace:
#0 /home/christian/www/moraso/library/Zend/Db/Statement.php(303): Zend_Db_Statement_Pdo->_execute(Array)
#1 /home/christian/www/moraso/library/Zend/Db/Adapter/Abstract.php(479): Zend_Db_Statement->execute(Array)
#2 /home/christian/www/moraso/library/Zend/Db/Adapter/Pdo/Abstract.php(238): Zend_Db_Adapter_Abstract->query('delete a from a...', Array)
#3 /home/christian/www/moraso/library/Aitsu/Db.php(113): Zend_Db_Adapter_Pdo_Abstract->query('delete a from a...', Array)
#4 /home/christian/www/moraso/library/Aitsu/Db.php(249): Aitsu_Db->_query('query', 'delete a from a...', Array, false, false)
#5 /home/christian/www/moraso/library/Aitsu/Revision/Article.php(80): Aitsu_Db::query('delete a from a...', Array)
#6 [internal function]: Aitsu_Revision_Article::notify(Object(Aitsu_Event))
#7 /home/christian/www/moraso/library/Aitsu/Event/Dispatcher.php(111): call_user_func(Array, Object(Aitsu_Event))
#8 /home/christian/www/moraso/library/Aitsu/Event/Dispatcher.php(74): Aitsu_Event_Dispatcher->_invoke(Object(Aitsu_Event))
#9 /home/christian/www/moraso/library/Aitsu/Event/Abstract.php(19): Aitsu_Event_Dispatcher->raise(Object(Aitsu_Event))
#10 /home/christian/www/moraso/library/Aitsu/Event.php(12): Aitsu_Event_Abstract->__construct('backend.article...', Array)
#11 /home/christian/www/moraso/application/plugins/article/edit/Class.php(124): Aitsu_Event::raise('backend.article...', Array)
#12 /home/christian/www/moraso/library/Zend/Controller/Action.php(516): EditArticleController->saveAction()
#13 /home/christian/www/moraso/library/Zend/Controller/Dispatcher/Standard.php(308): Zend_Controller_Action->dispatch('saveAction')
#14 /home/christian/www/moraso/library/Zend/Controller/Front.php(954): Zend_Controller_Dispatcher_Standard->dispatch(Object(Zend_Controller_Request_Http), Object(Zend_Controller_Response_Http))
#15 /home/christian/www/moraso/library/Zend/Application/Bootstrap/Bootstrap.php(97): Zend_Controller_Front->dispatch()
#16 /home/christian/www/moraso/library/Zend/Application.php(366): Zend_Application_Bootstrap_Bootstrap->run()
#17 /home/christian/www/moraso/adm/index.php(26): Zend_Application->run()
#18 {main}
 Query: delete a from ait_revision_art_lang as a left join ( 	select idartlang, max(revisionid) as revisionid 	from ait_revision_art_lang 	where revisionid != :revisionid 	group by idartlang 	) as b on a.idartlang = b.idartlang left join ait_revision_art_lang as c on b.idartlang = c.idartlang and b.revisionid = c.revisionid where 	a.revisionid = :revisionid 	and c.revisionhash = a.revisionhash
 Params: Array
(
    [:revisionid] => 16
)
[Thrown @:/library/Aitsu/Event/Listener/SqlException.php:21]
2013-02-13T16:25:02+01:00 NOTICE (5): Exception: SQLSTATE[42S02]: Base table or view not found: 1146 Table 'moraso_master.ait_revision_art_lang' doesn't exist[Thrown @:/library/Aitsu/Event/Dispatcher.php:117]
2013-02-13T16:25:02+01:00 NOTICE (5): #0 /home/christian/www/moraso/library/Zend/Db/Statement.php(303): Zend_Db_Statement_Pdo->_execute(Array)
#1 /home/christian/www/moraso/library/Zend/Db/Adapter/Abstract.php(479): Zend_Db_Statement->execute(Array)
#2 /home/christian/www/moraso/library/Zend/Db/Adapter/Pdo/Abstract.php(238): Zend_Db_Adapter_Abstract->query('delete a from a...', Array)
#3 /home/christian/www/moraso/library/Aitsu/Db.php(113): Zend_Db_Adapter_Pdo_Abstract->query('delete a from a...', Array)
#4 /home/christian/www/moraso/library/Aitsu/Db.php(249): Aitsu_Db->_query('query', 'delete a from a...', Array, false, false)
#5 /home/christian/www/moraso/library/Aitsu/Revision/Article.php(80): Aitsu_Db::query('delete a from a...', Array)
#6 [internal function]: Aitsu_Revision_Article::notify(Object(Aitsu_Event))
#7 /home/christian/www/moraso/library/Aitsu/Event/Dispatcher.php(111): call_user_func(Array, Object(Aitsu_Event))
#8 /home/christian/www/moraso/library/Aitsu/Event/Dispatcher.php(74): Aitsu_Event_Dispatcher->_invoke(Object(Aitsu_Event))
#9 /home/christian/www/moraso/library/Aitsu/Event/Abstract.php(19): Aitsu_Event_Dispatcher->raise(Object(Aitsu_Event))
#10 /home/christian/www/moraso/library/Aitsu/Event.php(12): Aitsu_Event_Abstract->__construct('backend.article...', Array)
#11 /home/christian/www/moraso/application/plugins/article/edit/Class.php(124): Aitsu_Event::raise('backend.article...', Array)
#12 /home/christian/www/moraso/library/Zend/Controller/Action.php(516): EditArticleController->saveAction()
#13 /home/christian/www/moraso/library/Zend/Controller/Dispatcher/Standard.php(308): Zend_Controller_Action->dispatch('saveAction')
#14 /home/christian/www/moraso/library/Zend/Controller/Front.php(954): Zend_Controller_Dispatcher_Standard->dispatch(Object(Zend_Controller_Request_Http), Object(Zend_Controller_Response_Http))
#15 /home/christian/www/moraso/library/Zend/Application/Bootstrap/Bootstrap.php(97): Zend_Controller_Front->dispatch()
#16 /home/christian/www/moraso/library/Zend/Application.php(366): Zend_Application_Bootstrap_Bootstrap->run()
#17 /home/christian/www/moraso/adm/index.php(26): Zend_Application->run()
#18 {main}[Thrown @:/library/Aitsu/Event/Dispatcher.php:118]
2013-02-13T16:25:02+01:00 NOTICE (5): WARNING: Notification of pending listeners stopped.[Thrown @:/library/Aitsu/Event/Dispatcher.php:119]
2013-02-13T16:25:02+01:00 NOTICE (5): Affected event: backend.article.edit.save.start[Thrown @:/library/Aitsu/Event/Dispatcher.php:120]
2013-02-13T16:25:03+01:00 WARN (4): Creating default object from empty value[Thrown @:/library/Aitsu/Core/Module.php:115]
2013-02-13T16:25:17+01:00 NOTICE (5): SQL Exception occured:
Message: SQLSTATE[42S02]: Base table or view not found: 1146 Table 'moraso_master.ait_revision_art_lang' doesn't exist
Trace:
#0 /home/christian/www/moraso/library/Zend/Db/Statement.php(303): Zend_Db_Statement_Pdo->_execute(Array)
#1 /home/christian/www/moraso/library/Zend/Db/Adapter/Abstract.php(479): Zend_Db_Statement->execute(Array)
#2 /home/christian/www/moraso/library/Zend/Db/Adapter/Pdo/Abstract.php(238): Zend_Db_Adapter_Abstract->query('delete a from a...', Array)
#3 /home/christian/www/moraso/library/Aitsu/Db.php(113): Zend_Db_Adapter_Pdo_Abstract->query('delete a from a...', Array)
#4 /home/christian/www/moraso/library/Aitsu/Db.php(249): Aitsu_Db->_query('query', 'delete a from a...', Array, false, false)
#5 /home/christian/www/moraso/library/Aitsu/Revision/Article.php(80): Aitsu_Db::query('delete a from a...', Array)
#6 [internal function]: Aitsu_Revision_Article::notify(Object(Aitsu_Event))
#7 /home/christian/www/moraso/library/Aitsu/Event/Dispatcher.php(111): call_user_func(Array, Object(Aitsu_Event))
#8 /home/christian/www/moraso/library/Aitsu/Event/Dispatcher.php(74): Aitsu_Event_Dispatcher->_invoke(Object(Aitsu_Event))
#9 /home/christian/www/moraso/library/Aitsu/Event/Abstract.php(19): Aitsu_Event_Dispatcher->raise(Object(Aitsu_Event))
#10 /home/christian/www/moraso/library/Aitsu/Event.php(12): Aitsu_Event_Abstract->__construct('backend.article...', Array)
#11 /home/christian/www/moraso/application/plugins/article/edit/Class.php(124): Aitsu_Event::raise('backend.article...', Array)
#12 /home/christian/www/moraso/library/Zend/Controller/Action.php(516): EditArticleController->saveAction()
#13 /home/christian/www/moraso/library/Zend/Controller/Dispatcher/Standard.php(308): Zend_Controller_Action->dispatch('saveAction')
#14 /home/christian/www/moraso/library/Zend/Controller/Front.php(954): Zend_Controller_Dispatcher_Standard->dispatch(Object(Zend_Controller_Request_Http), Object(Zend_Controller_Response_Http))
#15 /home/christian/www/moraso/library/Zend/Application/Bootstrap/Bootstrap.php(97): Zend_Controller_Front->dispatch()
#16 /home/christian/www/moraso/library/Zend/Application.php(366): Zend_Application_Bootstrap_Bootstrap->run()
#17 /home/christian/www/moraso/adm/index.php(26): Zend_Application->run()
#18 {main}
 Query: delete a from ait_revision_art_lang as a left join ( 	select idartlang, max(revisionid) as revisionid 	from ait_revision_art_lang 	where revisionid != :revisionid 	group by idartlang 	) as b on a.idartlang = b.idartlang left join ait_revision_art_lang as c on b.idartlang = c.idartlang and b.revisionid = c.revisionid where 	a.revisionid = :revisionid 	and c.revisionhash = a.revisionhash
 Params: Array
(
    [:revisionid] => 17
)
[Thrown @:/library/Aitsu/Event/Listener/SqlException.php:21]
2013-02-13T16:25:17+01:00 NOTICE (5): Exception: SQLSTATE[42S02]: Base table or view not found: 1146 Table 'moraso_master.ait_revision_art_lang' doesn't exist[Thrown @:/library/Aitsu/Event/Dispatcher.php:117]
2013-02-13T16:25:17+01:00 NOTICE (5): #0 /home/christian/www/moraso/library/Zend/Db/Statement.php(303): Zend_Db_Statement_Pdo->_execute(Array)
#1 /home/christian/www/moraso/library/Zend/Db/Adapter/Abstract.php(479): Zend_Db_Statement->execute(Array)
#2 /home/christian/www/moraso/library/Zend/Db/Adapter/Pdo/Abstract.php(238): Zend_Db_Adapter_Abstract->query('delete a from a...', Array)
#3 /home/christian/www/moraso/library/Aitsu/Db.php(113): Zend_Db_Adapter_Pdo_Abstract->query('delete a from a...', Array)
#4 /home/christian/www/moraso/library/Aitsu/Db.php(249): Aitsu_Db->_query('query', 'delete a from a...', Array, false, false)
#5 /home/christian/www/moraso/library/Aitsu/Revision/Article.php(80): Aitsu_Db::query('delete a from a...', Array)
#6 [internal function]: Aitsu_Revision_Article::notify(Object(Aitsu_Event))
#7 /home/christian/www/moraso/library/Aitsu/Event/Dispatcher.php(111): call_user_func(Array, Object(Aitsu_Event))
#8 /home/christian/www/moraso/library/Aitsu/Event/Dispatcher.php(74): Aitsu_Event_Dispatcher->_invoke(Object(Aitsu_Event))
#9 /home/christian/www/moraso/library/Aitsu/Event/Abstract.php(19): Aitsu_Event_Dispatcher->raise(Object(Aitsu_Event))
#10 /home/christian/www/moraso/library/Aitsu/Event.php(12): Aitsu_Event_Abstract->__construct('backend.article...', Array)
#11 /home/christian/www/moraso/application/plugins/article/edit/Class.php(124): Aitsu_Event::raise('backend.article...', Array)
#12 /home/christian/www/moraso/library/Zend/Controller/Action.php(516): EditArticleController->saveAction()
#13 /home/christian/www/moraso/library/Zend/Controller/Dispatcher/Standard.php(308): Zend_Controller_Action->dispatch('saveAction')
#14 /home/christian/www/moraso/library/Zend/Controller/Front.php(954): Zend_Controller_Dispatcher_Standard->dispatch(Object(Zend_Controller_Request_Http), Object(Zend_Controller_Response_Http))
#15 /home/christian/www/moraso/library/Zend/Application/Bootstrap/Bootstrap.php(97): Zend_Controller_Front->dispatch()
#16 /home/christian/www/moraso/library/Zend/Application.php(366): Zend_Application_Bootstrap_Bootstrap->run()
#17 /home/christian/www/moraso/adm/index.php(26): Zend_Application->run()
#18 {main}[Thrown @:/library/Aitsu/Event/Dispatcher.php:118]
2013-02-13T16:25:17+01:00 NOTICE (5): WARNING: Notification of pending listeners stopped.[Thrown @:/library/Aitsu/Event/Dispatcher.php:119]
2013-02-13T16:25:17+01:00 NOTICE (5): Affected event: backend.article.edit.save.start[Thrown @:/library/Aitsu/Event/Dispatcher.php:120]
2013-02-13T16:30:42+01:00 WARN (4): DOMDocument::loadHTML(): error parsing attribute name in Entity, line: 7[Thrown @:/library/Zend/Search/Lucene/Document/Html.php:99]
2013-02-13T16:30:42+01:00 WARN (4): DOMDocument::loadHTML(): error parsing attribute name in Entity, line: 18[Thrown @:/library/Zend/Search/Lucene/Document/Html.php:99]
2013-02-13T17:27:59+01:00 WARN (4): Creating default object from empty value[Thrown @:/library/Aitsu/Core/Module.php:115]
