2013-02-05T18:29:49+01:00 NOTICE (5): Array to string conversion[Thrown @:/library/Aitsu/Forms/Renderer/ExtJs.php:132]
2013-02-05T18:29:53+01:00 NOTICE (5): Array to string conversion[Thrown @:/library/Aitsu/Forms/Renderer/ExtJs.php:132]
2013-02-05T18:29:56+01:00 NOTICE (5): Array to string conversion[Thrown @:/library/Aitsu/Forms/Renderer/ExtJs.php:132]
2013-02-05T18:29:58+01:00 NOTICE (5): Array to string conversion[Thrown @:/library/Aitsu/Forms/Renderer/ExtJs.php:132]
2013-02-05T18:30:13+01:00 NOTICE (5): Array to string conversion[Thrown @:/library/Aitsu/Forms/Renderer/ExtJs.php:132]
2013-02-05T18:30:56+01:00 WARN (4): DOMDocument::loadHTML(): error parsing attribute name in Entity, line: 7[Thrown @:/library/Zend/Search/Lucene/Document/Html.php:99]
2013-02-05T18:31:06+01:00 WARN (4): Creating default object from empty value[Thrown @:/library/Aitsu/Core/Module.php:115]
2013-02-05T18:31:11+01:00 NOTICE (5): SQL Exception occured:
Message: SQLSTATE[42S02]: Base table or view not found: 1146 Table 'moraso_master.ait_revision_art_lang' doesn't exist
Trace:
#0 /home/christian/www/moraso/library/Zend/Db/Statement.php(303): Zend_Db_Statement_Pdo->_execute(Array)
#1 /home/christian/www/moraso/library/Zend/Db/Adapter/Abstract.php(479): Zend_Db_Statement->execute(Array)
#2 /home/christian/www/moraso/library/Zend/Db/Adapter/Pdo/Abstract.php(238): Zend_Db_Adapter_Abstract->query('delete a from a...', Array)
#3 /home/christian/www/moraso/library/Aitsu/Db.php(113): Zend_Db_Adapter_Pdo_Abstract->query('delete a from a...', Array)
#4 /home/christian/www/moraso/library/Aitsu/Db.php(249): Aitsu_Db->_query('query', 'delete a from a...', Array, false, false)
#5 /home/christian/www/moraso/library/Aitsu/Revision/Article.php(80): Aitsu_Db::query('delete a from a...', Array)
#6 [internal function]: Aitsu_Revision_Article::notify(Object(Aitsu_Event))
#7 /home/christian/www/moraso/library/Aitsu/Event/Dispatcher.php(111): call_user_func(Array, Object(Aitsu_Event))
#8 /home/christian/www/moraso/library/Aitsu/Event/Dispatcher.php(74): Aitsu_Event_Dispatcher->_invoke(Object(Aitsu_Event))
#9 /home/christian/www/moraso/library/Aitsu/Event/Abstract.php(19): Aitsu_Event_Dispatcher->raise(Object(Aitsu_Event))
#10 /home/christian/www/moraso/library/Aitsu/Event.php(12): Aitsu_Event_Abstract->__construct('backend.article...', Array)
#11 /home/christian/www/moraso/application/plugins/article/edit/Class.php(124): Aitsu_Event::raise('backend.article...', Array)
#12 /home/christian/www/moraso/library/Zend/Controller/Action.php(516): EditArticleController->saveAction()
#13 /home/christian/www/moraso/library/Zend/Controller/Dispatcher/Standard.php(308): Zend_Controller_Action->dispatch('saveAction')
#14 /home/christian/www/moraso/library/Zend/Controller/Front.php(954): Zend_Controller_Dispatcher_Standard->dispatch(Object(Zend_Controller_Request_Http), Object(Zend_Controller_Response_Http))
#15 /home/christian/www/moraso/library/Zend/Application/Bootstrap/Bootstrap.php(97): Zend_Controller_Front->dispatch()
#16 /home/christian/www/moraso/library/Zend/Application.php(366): Zend_Application_Bootstrap_Bootstrap->run()
#17 /home/christian/www/moraso/adm/index.php(26): Zend_Application->run()
#18 {main}
 Query: delete a from ait_revision_art_lang as a left join ( 	select idartlang, max(revisionid) as revisionid 	from ait_revision_art_lang 	where revisionid != :revisionid 	group by idartlang 	) as b on a.idartlang = b.idartlang left join ait_revision_art_lang as c on b.idartlang = c.idartlang and b.revisionid = c.revisionid where 	a.revisionid = :revisionid 	and c.revisionhash = a.revisionhash
 Params: Array
(
    [:revisionid] => 8
)
[Thrown @:/library/Aitsu/Event/Listener/SqlException.php:21]
2013-02-05T18:31:11+01:00 NOTICE (5): Exception: SQLSTATE[42S02]: Base table or view not found: 1146 Table 'moraso_master.ait_revision_art_lang' doesn't exist[Thrown @:/library/Aitsu/Event/Dispatcher.php:117]
2013-02-05T18:31:11+01:00 NOTICE (5): #0 /home/christian/www/moraso/library/Zend/Db/Statement.php(303): Zend_Db_Statement_Pdo->_execute(Array)
#1 /home/christian/www/moraso/library/Zend/Db/Adapter/Abstract.php(479): Zend_Db_Statement->execute(Array)
#2 /home/christian/www/moraso/library/Zend/Db/Adapter/Pdo/Abstract.php(238): Zend_Db_Adapter_Abstract->query('delete a from a...', Array)
#3 /home/christian/www/moraso/library/Aitsu/Db.php(113): Zend_Db_Adapter_Pdo_Abstract->query('delete a from a...', Array)
#4 /home/christian/www/moraso/library/Aitsu/Db.php(249): Aitsu_Db->_query('query', 'delete a from a...', Array, false, false)
#5 /home/christian/www/moraso/library/Aitsu/Revision/Article.php(80): Aitsu_Db::query('delete a from a...', Array)
#6 [internal function]: Aitsu_Revision_Article::notify(Object(Aitsu_Event))
#7 /home/christian/www/moraso/library/Aitsu/Event/Dispatcher.php(111): call_user_func(Array, Object(Aitsu_Event))
#8 /home/christian/www/moraso/library/Aitsu/Event/Dispatcher.php(74): Aitsu_Event_Dispatcher->_invoke(Object(Aitsu_Event))
#9 /home/christian/www/moraso/library/Aitsu/Event/Abstract.php(19): Aitsu_Event_Dispatcher->raise(Object(Aitsu_Event))
#10 /home/christian/www/moraso/library/Aitsu/Event.php(12): Aitsu_Event_Abstract->__construct('backend.article...', Array)
#11 /home/christian/www/moraso/application/plugins/article/edit/Class.php(124): Aitsu_Event::raise('backend.article...', Array)
#12 /home/christian/www/moraso/library/Zend/Controller/Action.php(516): EditArticleController->saveAction()
#13 /home/christian/www/moraso/library/Zend/Controller/Dispatcher/Standard.php(308): Zend_Controller_Action->dispatch('saveAction')
#14 /home/christian/www/moraso/library/Zend/Controller/Front.php(954): Zend_Controller_Dispatcher_Standard->dispatch(Object(Zend_Controller_Request_Http), Object(Zend_Controller_Response_Http))
#15 /home/christian/www/moraso/library/Zend/Application/Bootstrap/Bootstrap.php(97): Zend_Controller_Front->dispatch()
#16 /home/christian/www/moraso/library/Zend/Application.php(366): Zend_Application_Bootstrap_Bootstrap->run()
#17 /home/christian/www/moraso/adm/index.php(26): Zend_Application->run()
#18 {main}[Thrown @:/library/Aitsu/Event/Dispatcher.php:118]
2013-02-05T18:31:11+01:00 NOTICE (5): WARNING: Notification of pending listeners stopped.[Thrown @:/library/Aitsu/Event/Dispatcher.php:119]
2013-02-05T18:31:11+01:00 NOTICE (5): Affected event: backend.article.edit.save.start[Thrown @:/library/Aitsu/Event/Dispatcher.php:120]
2013-02-05T18:31:14+01:00 WARN (4): Creating default object from empty value[Thrown @:/library/Aitsu/Core/Module.php:115]
2013-02-05T18:31:17+01:00 NOTICE (5): SQL Exception occured:
Message: SQLSTATE[42S02]: Base table or view not found: 1146 Table 'moraso_master.ait_revision_art_lang' doesn't exist
Trace:
#0 /home/christian/www/moraso/library/Zend/Db/Statement.php(303): Zend_Db_Statement_Pdo->_execute(Array)
#1 /home/christian/www/moraso/library/Zend/Db/Adapter/Abstract.php(479): Zend_Db_Statement->execute(Array)
#2 /home/christian/www/moraso/library/Zend/Db/Adapter/Pdo/Abstract.php(238): Zend_Db_Adapter_Abstract->query('delete a from a...', Array)
#3 /home/christian/www/moraso/library/Aitsu/Db.php(113): Zend_Db_Adapter_Pdo_Abstract->query('delete a from a...', Array)
#4 /home/christian/www/moraso/library/Aitsu/Db.php(249): Aitsu_Db->_query('query', 'delete a from a...', Array, false, false)
#5 /home/christian/www/moraso/library/Aitsu/Revision/Article.php(80): Aitsu_Db::query('delete a from a...', Array)
#6 [internal function]: Aitsu_Revision_Article::notify(Object(Aitsu_Event))
#7 /home/christian/www/moraso/library/Aitsu/Event/Dispatcher.php(111): call_user_func(Array, Object(Aitsu_Event))
#8 /home/christian/www/moraso/library/Aitsu/Event/Dispatcher.php(74): Aitsu_Event_Dispatcher->_invoke(Object(Aitsu_Event))
#9 /home/christian/www/moraso/library/Aitsu/Event/Abstract.php(19): Aitsu_Event_Dispatcher->raise(Object(Aitsu_Event))
#10 /home/christian/www/moraso/library/Aitsu/Event.php(12): Aitsu_Event_Abstract->__construct('backend.article...', Array)
#11 /home/christian/www/moraso/application/plugins/article/edit/Class.php(124): Aitsu_Event::raise('backend.article...', Array)
#12 /home/christian/www/moraso/library/Zend/Controller/Action.php(516): EditArticleController->saveAction()
#13 /home/christian/www/moraso/library/Zend/Controller/Dispatcher/Standard.php(308): Zend_Controller_Action->dispatch('saveAction')
#14 /home/christian/www/moraso/library/Zend/Controller/Front.php(954): Zend_Controller_Dispatcher_Standard->dispatch(Object(Zend_Controller_Request_Http), Object(Zend_Controller_Response_Http))
#15 /home/christian/www/moraso/library/Zend/Application/Bootstrap/Bootstrap.php(97): Zend_Controller_Front->dispatch()
#16 /home/christian/www/moraso/library/Zend/Application.php(366): Zend_Application_Bootstrap_Bootstrap->run()
#17 /home/christian/www/moraso/adm/index.php(26): Zend_Application->run()
#18 {main}
 Query: delete a from ait_revision_art_lang as a left join ( 	select idartlang, max(revisionid) as revisionid 	from ait_revision_art_lang 	where revisionid != :revisionid 	group by idartlang 	) as b on a.idartlang = b.idartlang left join ait_revision_art_lang as c on b.idartlang = c.idartlang and b.revisionid = c.revisionid where 	a.revisionid = :revisionid 	and c.revisionhash = a.revisionhash
 Params: Array
(
    [:revisionid] => 9
)
[Thrown @:/library/Aitsu/Event/Listener/SqlException.php:21]
2013-02-05T18:31:17+01:00 NOTICE (5): Exception: SQLSTATE[42S02]: Base table or view not found: 1146 Table 'moraso_master.ait_revision_art_lang' doesn't exist[Thrown @:/library/Aitsu/Event/Dispatcher.php:117]
2013-02-05T18:31:17+01:00 NOTICE (5): #0 /home/christian/www/moraso/library/Zend/Db/Statement.php(303): Zend_Db_Statement_Pdo->_execute(Array)
#1 /home/christian/www/moraso/library/Zend/Db/Adapter/Abstract.php(479): Zend_Db_Statement->execute(Array)
#2 /home/christian/www/moraso/library/Zend/Db/Adapter/Pdo/Abstract.php(238): Zend_Db_Adapter_Abstract->query('delete a from a...', Array)
#3 /home/christian/www/moraso/library/Aitsu/Db.php(113): Zend_Db_Adapter_Pdo_Abstract->query('delete a from a...', Array)
#4 /home/christian/www/moraso/library/Aitsu/Db.php(249): Aitsu_Db->_query('query', 'delete a from a...', Array, false, false)
#5 /home/christian/www/moraso/library/Aitsu/Revision/Article.php(80): Aitsu_Db::query('delete a from a...', Array)
#6 [internal function]: Aitsu_Revision_Article::notify(Object(Aitsu_Event))
#7 /home/christian/www/moraso/library/Aitsu/Event/Dispatcher.php(111): call_user_func(Array, Object(Aitsu_Event))
#8 /home/christian/www/moraso/library/Aitsu/Event/Dispatcher.php(74): Aitsu_Event_Dispatcher->_invoke(Object(Aitsu_Event))
#9 /home/christian/www/moraso/library/Aitsu/Event/Abstract.php(19): Aitsu_Event_Dispatcher->raise(Object(Aitsu_Event))
#10 /home/christian/www/moraso/library/Aitsu/Event.php(12): Aitsu_Event_Abstract->__construct('backend.article...', Array)
#11 /home/christian/www/moraso/application/plugins/article/edit/Class.php(124): Aitsu_Event::raise('backend.article...', Array)
#12 /home/christian/www/moraso/library/Zend/Controller/Action.php(516): EditArticleController->saveAction()
#13 /home/christian/www/moraso/library/Zend/Controller/Dispatcher/Standard.php(308): Zend_Controller_Action->dispatch('saveAction')
#14 /home/christian/www/moraso/library/Zend/Controller/Front.php(954): Zend_Controller_Dispatcher_Standard->dispatch(Object(Zend_Controller_Request_Http), Object(Zend_Controller_Response_Http))
#15 /home/christian/www/moraso/library/Zend/Application/Bootstrap/Bootstrap.php(97): Zend_Controller_Front->dispatch()
#16 /home/christian/www/moraso/library/Zend/Application.php(366): Zend_Application_Bootstrap_Bootstrap->run()
#17 /home/christian/www/moraso/adm/index.php(26): Zend_Application->run()
#18 {main}[Thrown @:/library/Aitsu/Event/Dispatcher.php:118]
2013-02-05T18:31:17+01:00 NOTICE (5): WARNING: Notification of pending listeners stopped.[Thrown @:/library/Aitsu/Event/Dispatcher.php:119]
2013-02-05T18:31:17+01:00 NOTICE (5): Affected event: backend.article.edit.save.start[Thrown @:/library/Aitsu/Event/Dispatcher.php:120]
2013-02-05T18:31:19+01:00 WARN (4): Creating default object from empty value[Thrown @:/library/Aitsu/Core/Module.php:115]
2013-02-05T18:31:49+01:00 WARN (4): Creating default object from empty value[Thrown @:/library/Aitsu/Core/Module.php:115]
